[21-Dec-2024 13:57:15 UTC] PHP Warning:  Version warning: Imagick was compiled against ImageMagick version 1808 but version 1809 is loaded. Imagick will run but may behave surprisingly in Unknown on line 0
[21-Dec-2024 13:57:15 UTC] PHP Warning:  Version warning: Imagick was compiled against ImageMagick version 1808 but version 1809 is loaded. Imagick will run but may behave surprisingly in Unknown on line 0
[21-Dec-2024 13:57:15 UTC] PHP Warning:  Version warning: Imagick was compiled against ImageMagick version 1808 but version 1809 is loaded. Imagick will run but may behave surprisingly in Unknown on line 0
[21-Dec-2024 13:57:16 UTC] PHP Warning:  Version warning: Imagick was compiled against ImageMagick version 1808 but version 1809 is loaded. Imagick will run but may behave surprisingly in Unknown on line 0
[21-Dec-2024 13:57:16 UTC] PHP Warning:  Version warning: Imagick was compiled against ImageMagick version 1808 but version 1809 is loaded. Imagick will run but may behave surprisingly in Unknown on line 0
[21-Dec-2024 13:57:16 UTC] PHP Warning:  Version warning: Imagick was compiled against ImageMagick version 1808 but version 1809 is loaded. Imagick will run but may behave surprisingly in Unknown on line 0
[21-Dec-2024 13:57:17 UTC] PHP Warning:  Version warning: Imagick was compiled against ImageMagick version 1808 but version 1809 is loaded. Imagick will run but may behave surprisingly in Unknown on line 0
[21-Dec-2024 13:57:32 UTC] PHP Warning:  Version warning: Imagick was compiled against ImageMagick version 1808 but version 1809 is loaded. Imagick will run but may behave surprisingly in Unknown on line 0
[21-Dec-2024 13:57:33 UTC] PHP Warning:  Version warning: Imagick was compiled against ImageMagick version 1808 but version 1809 is loaded. Imagick will run but may behave surprisingly in Unknown on line 0
[21-Dec-2024 13:57:35 UTC] PHP Warning:  Version warning: Imagick was compiled against ImageMagick version 1808 but version 1809 is loaded. Imagick will run but may behave surprisingly in Unknown on line 0
[21-Dec-2024 13:57:36 UTC] PHP Warning:  Version warning: Imagick was compiled against ImageMagick version 1808 but version 1809 is loaded. Imagick will run but may behave surprisingly in Unknown on line 0
[21-Dec-2024 13:57:38 UTC] PHP Warning:  Version warning: Imagick was compiled against ImageMagick version 1808 but version 1809 is loaded. Imagick will run but may behave surprisingly in Unknown on line 0
[21-Dec-2024 13:57:38 UTC] PHP Warning:  Version warning: Imagick was compiled against ImageMagick version 1808 but version 1809 is loaded. Imagick will run but may behave surprisingly in Unknown on line 0
[21-Dec-2024 13:57:39 UTC] PHP Warning:  Version warning: Imagick was compiled against ImageMagick version 1808 but version 1809 is loaded. Imagick will run but may behave surprisingly in Unknown on line 0
[21-Dec-2024 13:57:40 UTC] PHP Warning:  Version warning: Imagick was compiled against ImageMagick version 1808 but version 1809 is loaded. Imagick will run but may behave surprisingly in Unknown on line 0
[21-Dec-2024 13:57:40 UTC] PHP Warning:  Version warning: Imagick was compiled against ImageMagick version 1808 but version 1809 is loaded. Imagick will run but may behave surprisingly in Unknown on line 0
[21-Dec-2024 13:57:40 UTC] PHP Warning:  Version warning: Imagick was compiled against ImageMagick version 1808 but version 1809 is loaded. Imagick will run but may behave surprisingly in Unknown on line 0
[21-Dec-2024 13:57:45 UTC] PHP Warning:  Version warning: Imagick was compiled against ImageMagick version 1808 but version 1809 is loaded. Imagick will run but may behave surprisingly in Unknown on line 0
[21-Dec-2024 13:57:48 UTC] PHP Warning:  Version warning: Imagick was compiled against ImageMagick version 1808 but version 1809 is loaded. Imagick will run but may behave surprisingly in Unknown on line 0
[21-Dec-2024 13:57:49 UTC] PHP Warning:  Version warning: Imagick was compiled against ImageMagick version 1808 but version 1809 is loaded. Imagick will run but may behave surprisingly in Unknown on line 0
[21-Dec-2024 13:58:39 UTC] PHP Warning:  Version warning: Imagick was compiled against ImageMagick version 1808 but version 1809 is loaded. Imagick will run but may behave surprisingly in Unknown on line 0
[21-Dec-2024 14:26:55 UTC] PHP Warning:  Undefined array key 0 in C:\Users\denis\Local Sites\ecosoftware\app\public\wp-includes\blocks.php on line 1525
[21-Dec-2024 14:26:55 UTC] PHP Warning:  Trying to access array offset on null in C:\Users\denis\Local Sites\ecosoftware\app\public\wp-includes\blocks.php on line 1524
[21-Dec-2024 14:26:55 UTC] PHP Warning:  foreach() argument must be of type array|object, null given in C:\Users\denis\Local Sites\ecosoftware\app\public\wp-includes\blocks.php on line 1524
[21-Dec-2024 14:26:55 UTC] PHP Warning:  Trying to access array offset on null in C:\Users\denis\Local Sites\ecosoftware\app\public\wp-includes\blocks.php on line 1528
[21-Dec-2024 14:26:55 UTC] PHP Warning:  Undefined array key "blockName" in C:\Users\denis\Local Sites\ecosoftware\app\public\wp-includes\blocks.php on line 1533
[21-Dec-2024 14:26:55 UTC] PHP Warning:  Undefined array key 1 in C:\Users\denis\Local Sites\ecosoftware\app\public\wp-includes\blocks.php on line 1525
[21-Dec-2024 14:26:55 UTC] PHP Warning:  Trying to access array offset on null in C:\Users\denis\Local Sites\ecosoftware\app\public\wp-includes\blocks.php on line 1524
[21-Dec-2024 14:26:55 UTC] PHP Warning:  foreach() argument must be of type array|object, null given in C:\Users\denis\Local Sites\ecosoftware\app\public\wp-includes\blocks.php on line 1524
[21-Dec-2024 14:26:55 UTC] PHP Warning:  Trying to access array offset on null in C:\Users\denis\Local Sites\ecosoftware\app\public\wp-includes\blocks.php on line 1528
[21-Dec-2024 14:26:55 UTC] PHP Warning:  Undefined array key "blockName" in C:\Users\denis\Local Sites\ecosoftware\app\public\wp-includes\blocks.php on line 1533
[21-Dec-2024 14:26:55 UTC] PHP Warning:  Undefined array key 2 in C:\Users\denis\Local Sites\ecosoftware\app\public\wp-includes\blocks.php on line 1525
[21-Dec-2024 14:26:55 UTC] PHP Warning:  Trying to access array offset on null in C:\Users\denis\Local Sites\ecosoftware\app\public\wp-includes\blocks.php on line 1524
[21-Dec-2024 14:26:55 UTC] PHP Warning:  foreach() argument must be of type array|object, null given in C:\Users\denis\Local Sites\ecosoftware\app\public\wp-includes\blocks.php on line 1524
[21-Dec-2024 14:26:55 UTC] PHP Warning:  Trying to access array offset on null in C:\Users\denis\Local Sites\ecosoftware\app\public\wp-includes\blocks.php on line 1528
[21-Dec-2024 14:26:55 UTC] PHP Warning:  Undefined array key "blockName" in C:\Users\denis\Local Sites\ecosoftware\app\public\wp-includes\blocks.php on line 1533
[21-Dec-2024 14:26:55 UTC] PHP Warning:  Undefined array key 3 in C:\Users\denis\Local Sites\ecosoftware\app\public\wp-includes\blocks.php on line 1525
[21-Dec-2024 14:26:55 UTC] PHP Warning:  Trying to access array offset on null in C:\Users\denis\Local Sites\ecosoftware\app\public\wp-includes\blocks.php on line 1524
[21-Dec-2024 14:26:55 UTC] PHP Warning:  foreach() argument must be of type array|object, null given in C:\Users\denis\Local Sites\ecosoftware\app\public\wp-includes\blocks.php on line 1524
[21-Dec-2024 14:26:55 UTC] PHP Warning:  Trying to access array offset on null in C:\Users\denis\Local Sites\ecosoftware\app\public\wp-includes\blocks.php on line 1528
[21-Dec-2024 14:26:55 UTC] PHP Warning:  Undefined array key "blockName" in C:\Users\denis\Local Sites\ecosoftware\app\public\wp-includes\blocks.php on line 1533
[21-Dec-2024 14:26:55 UTC] PHP Warning:  Undefined array key 4 in C:\Users\denis\Local Sites\ecosoftware\app\public\wp-includes\blocks.php on line 1525
[21-Dec-2024 14:26:55 UTC] PHP Warning:  Trying to access array offset on null in C:\Users\denis\Local Sites\ecosoftware\app\public\wp-includes\blocks.php on line 1524
[21-Dec-2024 14:26:55 UTC] PHP Warning:  foreach() argument must be of type array|object, null given in C:\Users\denis\Local Sites\ecosoftware\app\public\wp-includes\blocks.php on line 1524
[21-Dec-2024 14:26:55 UTC] PHP Warning:  Trying to access array offset on null in C:\Users\denis\Local Sites\ecosoftware\app\public\wp-includes\blocks.php on line 1528
[21-Dec-2024 14:26:55 UTC] PHP Warning:  Undefined array key "blockName" in C:\Users\denis\Local Sites\ecosoftware\app\public\wp-includes\blocks.php on line 1533
[21-Dec-2024 22:50:44 UTC] PHP Warning:  Version warning: Imagick was compiled against ImageMagick version 1808 but version 1809 is loaded. Imagick will run but may behave surprisingly in Unknown on line 0
[21-Dec-2024 22:50:44 UTC] PHP Warning:  Version warning: Imagick was compiled against ImageMagick version 1808 but version 1809 is loaded. Imagick will run but may behave surprisingly in Unknown on line 0
[21-Dec-2024 22:50:45 UTC] PHP Warning:  Version warning: Imagick was compiled against ImageMagick version 1808 but version 1809 is loaded. Imagick will run but may behave surprisingly in Unknown on line 0
[21-Dec-2024 22:50:45 UTC] PHP Warning:  Version warning: Imagick was compiled against ImageMagick version 1808 but version 1809 is loaded. Imagick will run but may behave surprisingly in Unknown on line 0
[21-Dec-2024 22:50:48 UTC] PHP Warning:  Version warning: Imagick was compiled against ImageMagick version 1808 but version 1809 is loaded. Imagick will run but may behave surprisingly in Unknown on line 0
[21-Dec-2024 22:50:50 UTC] PHP Warning:  Version warning: Imagick was compiled against ImageMagick version 1808 but version 1809 is loaded. Imagick will run but may behave surprisingly in Unknown on line 0
[21-Dec-2024 22:50:51 UTC] PHP Warning:  Version warning: Imagick was compiled against ImageMagick version 1808 but version 1809 is loaded. Imagick will run but may behave surprisingly in Unknown on line 0
[21-Dec-2024 22:50:51 UTC] PHP Warning:  Version warning: Imagick was compiled against ImageMagick version 1808 but version 1809 is loaded. Imagick will run but may behave surprisingly in Unknown on line 0
[21-Dec-2024 22:50:52 UTC] PHP Warning:  Version warning: Imagick was compiled against ImageMagick version 1808 but version 1809 is loaded. Imagick will run but may behave surprisingly in Unknown on line 0
[21-Dec-2024 22:50:53 UTC] Erro de evento de reagendamento do cron para o gancho: action_scheduler_run_queue, código de erro: could_not_set, mensagem de erro: Não foi possível salvar a lista de evento do cron, dados: {"schedule":"every_minute","args":["WP Cron"],"interval":60}
[21-Dec-2024 22:50:53 UTC] Erro de evento de reagendamento do cron para o gancho: wp_version_check, código de erro: could_not_set, mensagem de erro: Não foi possível salvar a lista de evento do cron, dados: {"schedule":"twicedaily","args":[],"interval":43200}
[21-Dec-2024 22:50:53 UTC] Erro de desativação de evento de cron para o gancho: wp_version_check, código de erro: could_not_set, mensagem de erro: Não foi possível salvar a lista de evento do cron, dados: {"schedule":"twicedaily","args":[],"interval":43200}
[21-Dec-2024 22:50:53 UTC] Erro de evento de reagendamento do cron para o gancho: wp_privacy_delete_old_export_files, código de erro: could_not_set, mensagem de erro: Não foi possível salvar a lista de evento do cron, dados: {"schedule":"hourly","args":[],"interval":3600}
[21-Dec-2024 22:50:53 UTC] Erro de desativação de evento de cron para o gancho: wp_privacy_delete_old_export_files, código de erro: could_not_set, mensagem de erro: Não foi possível salvar a lista de evento do cron, dados: {"schedule":"hourly","args":[],"interval":3600}
[21-Dec-2024 23:09:04 UTC] PHP Warning:  Version warning: Imagick was compiled against ImageMagick version 1808 but version 1809 is loaded. Imagick will run but may behave surprisingly in Unknown on line 0
[21-Dec-2024 23:09:04 UTC] PHP Warning:  Version warning: Imagick was compiled against ImageMagick version 1808 but version 1809 is loaded. Imagick will run but may behave surprisingly in Unknown on line 0
[21-Dec-2024 23:09:04 UTC] PHP Warning:  Version warning: Imagick was compiled against ImageMagick version 1808 but version 1809 is loaded. Imagick will run but may behave surprisingly in Unknown on line 0
[21-Dec-2024 23:09:05 UTC] PHP Warning:  Version warning: Imagick was compiled against ImageMagick version 1808 but version 1809 is loaded. Imagick will run but may behave surprisingly in Unknown on line 0
[21-Dec-2024 23:09:05 UTC] PHP Warning:  Version warning: Imagick was compiled against ImageMagick version 1808 but version 1809 is loaded. Imagick will run but may behave surprisingly in Unknown on line 0
[21-Dec-2024 23:09:06 UTC] PHP Warning:  Version warning: Imagick was compiled against ImageMagick version 1808 but version 1809 is loaded. Imagick will run but may behave surprisingly in Unknown on line 0
[21-Dec-2024 23:10:30 UTC] PHP Warning:  Version warning: Imagick was compiled against ImageMagick version 1808 but version 1809 is loaded. Imagick will run but may behave surprisingly in Unknown on line 0
[21-Dec-2024 23:10:30 UTC] PHP Warning:  Version warning: Imagick was compiled against ImageMagick version 1808 but version 1809 is loaded. Imagick will run but may behave surprisingly in Unknown on line 0
[21-Dec-2024 23:10:39 UTC] PHP Warning:  Version warning: Imagick was compiled against ImageMagick version 1808 but version 1809 is loaded. Imagick will run but may behave surprisingly in Unknown on line 0
[21-Dec-2024 23:10:40 UTC] PHP Warning:  Version warning: Imagick was compiled against ImageMagick version 1808 but version 1809 is loaded. Imagick will run but may behave surprisingly in Unknown on line 0
[21-Dec-2024 23:10:53 UTC] PHP Warning:  Version warning: Imagick was compiled against ImageMagick version 1808 but version 1809 is loaded. Imagick will run but may behave surprisingly in Unknown on line 0
[21-Dec-2024 23:10:53 UTC] PHP Warning:  Version warning: Imagick was compiled against ImageMagick version 1808 but version 1809 is loaded. Imagick will run but may behave surprisingly in Unknown on line 0
[21-Dec-2024 23:10:54 UTC] PHP Warning:  Version warning: Imagick was compiled against ImageMagick version 1808 but version 1809 is loaded. Imagick will run but may behave surprisingly in Unknown on line 0
[21-Dec-2024 23:10:54 UTC] PHP Warning:  Version warning: Imagick was compiled against ImageMagick version 1808 but version 1809 is loaded. Imagick will run but may behave surprisingly in Unknown on line 0
[21-Dec-2024 23:10:56 UTC] PHP Warning:  Version warning: Imagick was compiled against ImageMagick version 1808 but version 1809 is loaded. Imagick will run but may behave surprisingly in Unknown on line 0
[21-Dec-2024 23:10:58 UTC] PHP Warning:  Version warning: Imagick was compiled against ImageMagick version 1808 but version 1809 is loaded. Imagick will run but may behave surprisingly in Unknown on line 0
[21-Dec-2024 23:10:59 UTC] PHP Warning:  Version warning: Imagick was compiled against ImageMagick version 1808 but version 1809 is loaded. Imagick will run but may behave surprisingly in Unknown on line 0
[21-Dec-2024 23:10:59 UTC] PHP Warning:  Version warning: Imagick was compiled against ImageMagick version 1808 but version 1809 is loaded. Imagick will run but may behave surprisingly in Unknown on line 0
[21-Dec-2024 23:10:59 UTC] PHP Warning:  Version warning: Imagick was compiled against ImageMagick version 1808 but version 1809 is loaded. Imagick will run but may behave surprisingly in Unknown on line 0
[21-Dec-2024 23:10:59 UTC] PHP Warning:  Version warning: Imagick was compiled against ImageMagick version 1808 but version 1809 is loaded. Imagick will run but may behave surprisingly in Unknown on line 0
[21-Dec-2024 23:10:59 UTC] Erro de evento de reagendamento do cron para o gancho: action_scheduler_run_queue, código de erro: could_not_set, mensagem de erro: Não foi possível salvar a lista de evento do cron, dados: {"schedule":"every_minute","args":["WP Cron"],"interval":60}
[21-Dec-2024 23:10:59 UTC] PHP Warning:  Version warning: Imagick was compiled against ImageMagick version 1808 but version 1809 is loaded. Imagick will run but may behave surprisingly in Unknown on line 0
[21-Dec-2024 23:12:03 UTC] PHP Warning:  Version warning: Imagick was compiled against ImageMagick version 1808 but version 1809 is loaded. Imagick will run but may behave surprisingly in Unknown on line 0
[21-Dec-2024 23:12:05 UTC] PHP Warning:  Version warning: Imagick was compiled against ImageMagick version 1808 but version 1809 is loaded. Imagick will run but may behave surprisingly in Unknown on line 0
[21-Dec-2024 23:12:09 UTC] PHP Warning:  Version warning: Imagick was compiled against ImageMagick version 1808 but version 1809 is loaded. Imagick will run but may behave surprisingly in Unknown on line 0
[21-Dec-2024 23:12:09 UTC] PHP Warning:  Version warning: Imagick was compiled against ImageMagick version 1808 but version 1809 is loaded. Imagick will run but may behave surprisingly in Unknown on line 0
[21-Dec-2024 23:12:10 UTC] PHP Warning:  Version warning: Imagick was compiled against ImageMagick version 1808 but version 1809 is loaded. Imagick will run but may behave surprisingly in Unknown on line 0
[21-Dec-2024 23:12:10 UTC] PHP Warning:  Version warning: Imagick was compiled against ImageMagick version 1808 but version 1809 is loaded. Imagick will run but may behave surprisingly in Unknown on line 0
[21-Dec-2024 23:12:11 UTC] PHP Warning:  Version warning: Imagick was compiled against ImageMagick version 1808 but version 1809 is loaded. Imagick will run but may behave surprisingly in Unknown on line 0
[22-Dec-2024 15:46:28 UTC] PHP Warning:  Version warning: Imagick was compiled against ImageMagick version 1808 but version 1809 is loaded. Imagick will run but may behave surprisingly in Unknown on line 0
[22-Dec-2024 15:46:28 UTC] PHP Warning:  Version warning: Imagick was compiled against ImageMagick version 1808 but version 1809 is loaded. Imagick will run but may behave surprisingly in Unknown on line 0
[22-Dec-2024 15:46:28 UTC] PHP Warning:  Version warning: Imagick was compiled against ImageMagick version 1808 but version 1809 is loaded. Imagick will run but may behave surprisingly in Unknown on line 0
[22-Dec-2024 15:46:28 UTC] PHP Warning:  Version warning: Imagick was compiled against ImageMagick version 1808 but version 1809 is loaded. Imagick will run but may behave surprisingly in Unknown on line 0
[22-Dec-2024 15:46:31 UTC] PHP Warning:  Version warning: Imagick was compiled against ImageMagick version 1808 but version 1809 is loaded. Imagick will run but may behave surprisingly in Unknown on line 0
[22-Dec-2024 15:46:32 UTC] PHP Warning:  Version warning: Imagick was compiled against ImageMagick version 1808 but version 1809 is loaded. Imagick will run but may behave surprisingly in Unknown on line 0
[22-Dec-2024 15:46:33 UTC] PHP Warning:  Version warning: Imagick was compiled against ImageMagick version 1808 but version 1809 is loaded. Imagick will run but may behave surprisingly in Unknown on line 0
[22-Dec-2024 15:46:33 UTC] PHP Warning:  Version warning: Imagick was compiled against ImageMagick version 1808 but version 1809 is loaded. Imagick will run but may behave surprisingly in Unknown on line 0
[22-Dec-2024 15:46:34 UTC] Erro de evento de reagendamento do cron para o gancho: action_scheduler_run_queue, código de erro: could_not_set, mensagem de erro: Não foi possível salvar a lista de evento do cron, dados: {"schedule":"every_minute","args":["WP Cron"],"interval":60}
[22-Dec-2024 15:46:34 UTC] Erro de evento de reagendamento do cron para o gancho: wp_privacy_delete_old_export_files, código de erro: could_not_set, mensagem de erro: Não foi possível salvar a lista de evento do cron, dados: {"schedule":"hourly","args":[],"interval":3600}
[22-Dec-2024 15:46:34 UTC] Erro de desativação de evento de cron para o gancho: wp_privacy_delete_old_export_files, código de erro: could_not_set, mensagem de erro: Não foi possível salvar a lista de evento do cron, dados: {"schedule":"hourly","args":[],"interval":3600}
[22-Dec-2024 15:46:34 UTC] Erro de evento de reagendamento do cron para o gancho: wp_update_user_counts, código de erro: could_not_set, mensagem de erro: Não foi possível salvar a lista de evento do cron, dados: {"schedule":"twicedaily","args":[],"interval":43200}
[22-Dec-2024 15:46:34 UTC] Erro de desativação de evento de cron para o gancho: wp_update_user_counts, código de erro: could_not_set, mensagem de erro: Não foi possível salvar a lista de evento do cron, dados: {"schedule":"twicedaily","args":[],"interval":43200}
[22-Dec-2024 15:46:34 UTC] Erro de evento de reagendamento do cron para o gancho: wp_version_check, código de erro: could_not_set, mensagem de erro: Não foi possível salvar a lista de evento do cron, dados: {"schedule":"twicedaily","args":[],"interval":43200}
[22-Dec-2024 15:46:34 UTC] Erro de desativação de evento de cron para o gancho: wp_version_check, código de erro: could_not_set, mensagem de erro: Não foi possível salvar a lista de evento do cron, dados: {"schedule":"twicedaily","args":[],"interval":43200}
[22-Dec-2024 15:46:34 UTC] Erro de evento de reagendamento do cron para o gancho: wp_update_plugins, código de erro: could_not_set, mensagem de erro: Não foi possível salvar a lista de evento do cron, dados: {"schedule":"twicedaily","args":[],"interval":43200}
[22-Dec-2024 15:46:34 UTC] Erro de desativação de evento de cron para o gancho: wp_update_plugins, código de erro: could_not_set, mensagem de erro: Não foi possível salvar a lista de evento do cron, dados: {"schedule":"twicedaily","args":[],"interval":43200}
[22-Dec-2024 15:46:48 UTC] Erro de evento de reagendamento do cron para o gancho: recovery_mode_clean_expired_keys, código de erro: could_not_set, mensagem de erro: Não foi possível salvar a lista de evento do cron, dados: {"schedule":"daily","args":[],"interval":86400}
[22-Dec-2024 16:11:30 UTC] PHP Warning:  Version warning: Imagick was compiled against ImageMagick version 1808 but version 1809 is loaded. Imagick will run but may behave surprisingly in Unknown on line 0
[22-Dec-2024 18:04:33 UTC] Erro de evento de reagendamento do cron para o gancho: action_scheduler_run_queue, código de erro: could_not_set, mensagem de erro: Não foi possível salvar a lista de evento do cron, dados: {"schedule":"every_minute","args":["WP Cron"],"interval":60}
[22-Dec-2024 18:41:33 UTC] Erro de evento de reagendamento do cron para o gancho: action_scheduler_run_queue, código de erro: could_not_set, mensagem de erro: Não foi possível salvar a lista de evento do cron, dados: {"schedule":"every_minute","args":["WP Cron"],"interval":60}
[22-Dec-2024 19:06:33 UTC] Erro de evento de reagendamento do cron para o gancho: action_scheduler_run_queue, código de erro: could_not_set, mensagem de erro: Não foi possível salvar a lista de evento do cron, dados: {"schedule":"every_minute","args":["WP Cron"],"interval":60}
[22-Dec-2024 19:32:37 UTC] PHP Warning:  Version warning: Imagick was compiled against ImageMagick version 1808 but version 1809 is loaded. Imagick will run but may behave surprisingly in Unknown on line 0
[22-Dec-2024 19:32:52 UTC] PHP Warning:  Version warning: Imagick was compiled against ImageMagick version 1808 but version 1809 is loaded. Imagick will run but may behave surprisingly in Unknown on line 0
[22-Dec-2024 19:32:53 UTC] PHP Warning:  Version warning: Imagick was compiled against ImageMagick version 1808 but version 1809 is loaded. Imagick will run but may behave surprisingly in Unknown on line 0
[22-Dec-2024 19:34:34 UTC] [ERROR] : Cache config file C:\Users\denis\Local Sites\ecosoftware\app\public/wp-content/wpo-cache/config/config-cynical-station.localsite.io.php is not present
[22-Dec-2024 19:36:23 UTC] PHP Warning:  Version warning: Imagick was compiled against ImageMagick version 1808 but version 1809 is loaded. Imagick will run but may behave surprisingly in Unknown on line 0
[22-Dec-2024 19:36:33 UTC] Erro de evento de reagendamento do cron para o gancho: action_scheduler_run_queue, código de erro: could_not_set, mensagem de erro: Não foi possível salvar a lista de evento do cron, dados: {"schedule":"every_minute","args":["WP Cron"],"interval":60}
[22-Dec-2024 19:36:53 UTC] PHP Warning:  Version warning: Imagick was compiled against ImageMagick version 1808 but version 1809 is loaded. Imagick will run but may behave surprisingly in Unknown on line 0
[22-Dec-2024 19:36:53 UTC] PHP Warning:  Version warning: Imagick was compiled against ImageMagick version 1808 but version 1809 is loaded. Imagick will run but may behave surprisingly in Unknown on line 0
[22-Dec-2024 19:36:54 UTC] PHP Warning:  Version warning: Imagick was compiled against ImageMagick version 1808 but version 1809 is loaded. Imagick will run but may behave surprisingly in Unknown on line 0
[22-Dec-2024 19:36:54 UTC] PHP Warning:  Version warning: Imagick was compiled against ImageMagick version 1808 but version 1809 is loaded. Imagick will run but may behave surprisingly in Unknown on line 0
[22-Dec-2024 19:36:54 UTC] PHP Warning:  Version warning: Imagick was compiled against ImageMagick version 1808 but version 1809 is loaded. Imagick will run but may behave surprisingly in Unknown on line 0
[22-Dec-2024 19:36:55 UTC] PHP Warning:  Version warning: Imagick was compiled against ImageMagick version 1808 but version 1809 is loaded. Imagick will run but may behave surprisingly in Unknown on line 0
[22-Dec-2024 19:36:59 UTC] PHP Warning:  Version warning: Imagick was compiled against ImageMagick version 1808 but version 1809 is loaded. Imagick will run but may behave surprisingly in Unknown on line 0
[22-Dec-2024 19:36:59 UTC] PHP Warning:  Version warning: Imagick was compiled against ImageMagick version 1808 but version 1809 is loaded. Imagick will run but may behave surprisingly in Unknown on line 0
[22-Dec-2024 19:36:59 UTC] PHP Warning:  Version warning: Imagick was compiled against ImageMagick version 1808 but version 1809 is loaded. Imagick will run but may behave surprisingly in Unknown on line 0
[22-Dec-2024 19:37:00 UTC] PHP Warning:  Version warning: Imagick was compiled against ImageMagick version 1808 but version 1809 is loaded. Imagick will run but may behave surprisingly in Unknown on line 0
[22-Dec-2024 19:37:00 UTC] PHP Warning:  Version warning: Imagick was compiled against ImageMagick version 1808 but version 1809 is loaded. Imagick will run but may behave surprisingly in Unknown on line 0
[22-Dec-2024 19:37:03 UTC] PHP Warning:  Version warning: Imagick was compiled against ImageMagick version 1808 but version 1809 is loaded. Imagick will run but may behave surprisingly in Unknown on line 0
[22-Dec-2024 19:37:04 UTC] PHP Warning:  Version warning: Imagick was compiled against ImageMagick version 1808 but version 1809 is loaded. Imagick will run but may behave surprisingly in Unknown on line 0
[22-Dec-2024 19:37:04 UTC] PHP Warning:  Version warning: Imagick was compiled against ImageMagick version 1808 but version 1809 is loaded. Imagick will run but may behave surprisingly in Unknown on line 0
[22-Dec-2024 19:37:04 UTC] PHP Warning:  Version warning: Imagick was compiled against ImageMagick version 1808 but version 1809 is loaded. Imagick will run but may behave surprisingly in Unknown on line 0
[22-Dec-2024 19:37:05 UTC] PHP Warning:  Version warning: Imagick was compiled against ImageMagick version 1808 but version 1809 is loaded. Imagick will run but may behave surprisingly in Unknown on line 0
[22-Dec-2024 19:37:05 UTC] PHP Warning:  Version warning: Imagick was compiled against ImageMagick version 1808 but version 1809 is loaded. Imagick will run but may behave surprisingly in Unknown on line 0
[22-Dec-2024 19:37:05 UTC] PHP Warning:  Version warning: Imagick was compiled against ImageMagick version 1808 but version 1809 is loaded. Imagick will run but may behave surprisingly in Unknown on line 0
[22-Dec-2024 19:38:04 UTC] PHP Warning:  Version warning: Imagick was compiled against ImageMagick version 1808 but version 1809 is loaded. Imagick will run but may behave surprisingly in Unknown on line 0
[22-Dec-2024 19:50:37 UTC] Erro de evento de reagendamento do cron para o gancho: action_scheduler_run_queue, código de erro: could_not_set, mensagem de erro: Não foi possível salvar a lista de evento do cron, dados: {"schedule":"every_minute","args":["WP Cron"],"interval":60}
[22-Dec-2024 20:08:59 UTC] PHP Warning:  Version warning: Imagick was compiled against ImageMagick version 1808 but version 1809 is loaded. Imagick will run but may behave surprisingly in Unknown on line 0
[22-Dec-2024 20:08:59 UTC] PHP Warning:  Version warning: Imagick was compiled against ImageMagick version 1808 but version 1809 is loaded. Imagick will run but may behave surprisingly in Unknown on line 0
[22-Dec-2024 20:09:00 UTC] PHP Warning:  Version warning: Imagick was compiled against ImageMagick version 1808 but version 1809 is loaded. Imagick will run but may behave surprisingly in Unknown on line 0
[22-Dec-2024 20:09:00 UTC] PHP Warning:  Version warning: Imagick was compiled against ImageMagick version 1808 but version 1809 is loaded. Imagick will run but may behave surprisingly in Unknown on line 0
[22-Dec-2024 20:09:00 UTC] PHP Warning:  Version warning: Imagick was compiled against ImageMagick version 1808 but version 1809 is loaded. Imagick will run but may behave surprisingly in Unknown on line 0
[22-Dec-2024 20:09:01 UTC] PHP Warning:  Version warning: Imagick was compiled against ImageMagick version 1808 but version 1809 is loaded. Imagick will run but may behave surprisingly in Unknown on line 0
[22-Dec-2024 20:09:39 UTC] PHP Warning:  Version warning: Imagick was compiled against ImageMagick version 1808 but version 1809 is loaded. Imagick will run but may behave surprisingly in Unknown on line 0
[22-Dec-2024 20:09:39 UTC] PHP Warning:  Version warning: Imagick was compiled against ImageMagick version 1808 but version 1809 is loaded. Imagick will run but may behave surprisingly in Unknown on line 0
[22-Dec-2024 20:09:39 UTC] PHP Warning:  Version warning: Imagick was compiled against ImageMagick version 1808 but version 1809 is loaded. Imagick will run but may behave surprisingly in Unknown on line 0
[22-Dec-2024 20:09:40 UTC] PHP Warning:  Version warning: Imagick was compiled against ImageMagick version 1808 but version 1809 is loaded. Imagick will run but may behave surprisingly in Unknown on line 0
[22-Dec-2024 20:09:40 UTC] PHP Warning:  Version warning: Imagick was compiled against ImageMagick version 1808 but version 1809 is loaded. Imagick will run but may behave surprisingly in Unknown on line 0
[22-Dec-2024 20:09:41 UTC] PHP Warning:  Version warning: Imagick was compiled against ImageMagick version 1808 but version 1809 is loaded. Imagick will run but may behave surprisingly in Unknown on line 0
[22-Dec-2024 20:09:48 UTC] PHP Warning:  Version warning: Imagick was compiled against ImageMagick version 1808 but version 1809 is loaded. Imagick will run but may behave surprisingly in Unknown on line 0
[22-Dec-2024 20:09:48 UTC] PHP Warning:  Version warning: Imagick was compiled against ImageMagick version 1808 but version 1809 is loaded. Imagick will run but may behave surprisingly in Unknown on line 0
[22-Dec-2024 20:16:59 UTC] [ERROR] : Cache config file C:\Users\denis\Local Sites\ecosoftware\app\public/wp-content/wpo-cache/config/config-localhost.php is not present
[22-Dec-2024 20:20:49 UTC] PHP Warning:  Version warning: Imagick was compiled against ImageMagick version 1808 but version 1809 is loaded. Imagick will run but may behave surprisingly in Unknown on line 0
[22-Dec-2024 20:20:49 UTC] PHP Warning:  Version warning: Imagick was compiled against ImageMagick version 1808 but version 1809 is loaded. Imagick will run but may behave surprisingly in Unknown on line 0
[22-Dec-2024 20:20:50 UTC] PHP Warning:  Version warning: Imagick was compiled against ImageMagick version 1808 but version 1809 is loaded. Imagick will run but may behave surprisingly in Unknown on line 0
[22-Dec-2024 20:20:50 UTC] PHP Warning:  Version warning: Imagick was compiled against ImageMagick version 1808 but version 1809 is loaded. Imagick will run but may behave surprisingly in Unknown on line 0
[22-Dec-2024 20:20:53 UTC] PHP Warning:  Version warning: Imagick was compiled against ImageMagick version 1808 but version 1809 is loaded. Imagick will run but may behave surprisingly in Unknown on line 0
[22-Dec-2024 20:20:54 UTC] PHP Warning:  Version warning: Imagick was compiled against ImageMagick version 1808 but version 1809 is loaded. Imagick will run but may behave surprisingly in Unknown on line 0
[22-Dec-2024 20:20:55 UTC] PHP Warning:  Version warning: Imagick was compiled against ImageMagick version 1808 but version 1809 is loaded. Imagick will run but may behave surprisingly in Unknown on line 0
[22-Dec-2024 20:20:55 UTC] PHP Warning:  Version warning: Imagick was compiled against ImageMagick version 1808 but version 1809 is loaded. Imagick will run but may behave surprisingly in Unknown on line 0
[22-Dec-2024 20:20:55 UTC] PHP Warning:  Version warning: Imagick was compiled against ImageMagick version 1808 but version 1809 is loaded. Imagick will run but may behave surprisingly in Unknown on line 0
[22-Dec-2024 20:24:38 UTC] PHP Warning:  Version warning: Imagick was compiled against ImageMagick version 1808 but version 1809 is loaded. Imagick will run but may behave surprisingly in Unknown on line 0
[22-Dec-2024 20:24:48 UTC] PHP Warning:  Version warning: Imagick was compiled against ImageMagick version 1808 but version 1809 is loaded. Imagick will run but may behave surprisingly in Unknown on line 0
[22-Dec-2024 20:24:48 UTC] PHP Warning:  Version warning: Imagick was compiled against ImageMagick version 1808 but version 1809 is loaded. Imagick will run but may behave surprisingly in Unknown on line 0
[22-Dec-2024 20:24:49 UTC] PHP Warning:  Version warning: Imagick was compiled against ImageMagick version 1808 but version 1809 is loaded. Imagick will run but may behave surprisingly in Unknown on line 0
[22-Dec-2024 20:24:49 UTC] PHP Warning:  Version warning: Imagick was compiled against ImageMagick version 1808 but version 1809 is loaded. Imagick will run but may behave surprisingly in Unknown on line 0
[22-Dec-2024 20:24:51 UTC] PHP Warning:  Version warning: Imagick was compiled against ImageMagick version 1808 but version 1809 is loaded. Imagick will run but may behave surprisingly in Unknown on line 0
[22-Dec-2024 20:24:51 UTC] PHP Warning:  Version warning: Imagick was compiled against ImageMagick version 1808 but version 1809 is loaded. Imagick will run but may behave surprisingly in Unknown on line 0
[22-Dec-2024 20:24:52 UTC] PHP Warning:  Version warning: Imagick was compiled against ImageMagick version 1808 but version 1809 is loaded. Imagick will run but may behave surprisingly in Unknown on line 0
[22-Dec-2024 20:24:52 UTC] PHP Warning:  Version warning: Imagick was compiled against ImageMagick version 1808 but version 1809 is loaded. Imagick will run but may behave surprisingly in Unknown on line 0
[22-Dec-2024 20:24:52 UTC] PHP Warning:  Version warning: Imagick was compiled against ImageMagick version 1808 but version 1809 is loaded. Imagick will run but may behave surprisingly in Unknown on line 0
